2022-08-02 19:09:21.745  INFO 13660 --- [restartedMain] c.a.p.a.a.PhotoAppApiAlbumsApplication   : No active profile set, falling back to default profiles: default
2022-08-02 19:09:23.983  WARN 13660 --- [restartedMain] o.s.boot.actuate.endpoint.EndpointId     : Endpoint ID 'service-registry' contains invalid characters, please migrate to a valid format.
2022-08-02 19:09:24.524  INFO 13660 --- [restartedMain] o.s.cloud.context.scope.GenericScope     : BeanFactory id=fce5687c-8caa-3de7-86f9-d6b89e9c58f8
2022-08-02 19:09:24.711  INFO 13660 --- [restartedMain] trationDelegate$BeanPostProcessorChecker : Bean 'org.springframework.cloud.autoconfigure.ConfigurationPropertiesRebinderAutoConfiguration' of type [org.springframework.cloud.autoconfigure.ConfigurationPropertiesRebinderAutoConfiguration$$EnhancerBySpringCGLIB$$b2841c22] is not eligible for getting processed by all BeanPostProcessors (for example: not eligible for auto-proxying)
2022-08-02 19:09:25.847  INFO 13660 --- [restartedMain] o.s.b.w.embedded.tomcat.TomcatWebServer  : Tomcat initialized with port(s): 0 (http)
2022-08-02 19:09:25.913  INFO 13660 --- [restartedMain] o.apache.catalina.core.StandardService   : Starting service [Tomcat]
2022-08-02 19:09:25.914  INFO 13660 --- [restartedMain] org.apache.catalina.core.StandardEngine  : Starting Servlet engine: [Apache Tomcat/9.0.14]
2022-08-02 19:09:25.936  INFO 13660 --- [restartedMain] o.a.catalina.core.AprLifecycleListener   : The APR based Apache Tomcat Native library which allows optimal performance in production environments was not found on the java.library.path: [C:\Users\Samson\.jdks\openjdk-17.0.2\bin;C:\WINDOWS\Sun\Java\bin;C:\WINDOWS\system32;C:\WINDOWS;C:\Python310\Scripts\;C:\Python310\;C:\Python39\Scripts\;C:\Python39\;C:\WINDOWS\system32;C:\WINDOWS;C:\WINDOWS\System32\Wbem;C:\WINDOWS\System32\WindowsPowerShell\v1.0\;C:\WINDOWS\System32\OpenSSH\;C:\Program Files\Microsoft SQL Server\Client SDK\ODBC\170\Tools\Binn\;C:\Program Files (x86)\Microsoft SQL Server\150\Tools\Binn\;C:\Program Files\Microsoft SQL Server\150\Tools\Binn\;C:\Program Files\Microsoft SQL Server\150\DTS\Binn\;C:\Program Files (x86)\Microsoft SQL Server\150\DTS\Binn\;C:\Program Files\JetBrains\IntelliJ IDEA Community Edition 2020.1.4\bin;C:\ProgramData\chocolatey\bin;C:\Program Files\Azure Data Studio\bin;C:\Program Files\dotnet\;C:\Program Files\Microsoft SQL Server\130\Tools\Binn\;C:\Program Files (x86)\dotnet\;C:\maven\apache-maven-3.8.4\bin;C:\Program Files\Docker\Docker\resources\bin;C:\ProgramData\DockerDesktop\version-bin;C:\HashiCorp\Vagrant\bin;C:\Gradle\gradle-7.4.2\bin;C:\spring-2.6.6\bin;C:\Program Files\jdk-17;C:\Program Files\jdk-17\bin;C:\Program Files\PuTTY\;C:\Program Files\nodejs\;C:\Program Files\Git\cmd;C:\Program Files\Git\bin;C:\Program Files\MySQL\MySQL Shell 8.0\bin\;C:\Users\Samson\AppData\Local\Microsoft\WindowsApps;C:\Users\Samson\AppData\Local\Programs\Microsoft VS Code\bin;C:\Program Files\Azure Data Studio\bin;C:\Users\Samson\.dotnet\tools;C:\Program Files\JetBrains\IntelliJ IDEA 2022.1\bin;;C:\Users\Samson\AppData\Local\GitHubDesktop\bin;C:\Users\Samson\AppData\Roaming\npm;C:\Program Files\MySQL\MySQL Server 8.0\bin;;.]
2022-08-02 19:09:26.219  INFO 13660 --- [restartedMain] o.a.c.c.C.[Tomcat].[localhost].[/]       : Initializing Spring embedded WebApplicationContext
2022-08-02 19:09:26.219  INFO 13660 --- [restartedMain] o.s.web.context.ContextLoader            : Root WebApplicationContext: initialization completed in 4443 ms
2022-08-02 19:09:26.458  WARN 13660 --- [restartedMain] c.n.c.sources.URLConfigurationSource     : No URLs will be polled as dynamic configuration sources.
2022-08-02 19:09:26.459  INFO 13660 --- [restartedMain] c.n.c.sources.URLConfigurationSource     : To enable URLs as dynamic configuration sources, define System property archaius.configurationSource.additionalUrls or make config.properties available on classpath.
2022-08-02 19:09:26.499  INFO 13660 --- [restartedMain] c.netflix.config.DynamicPropertyFactory  : DynamicPropertyFactory is initialized with configuration sources: com.netflix.config.ConcurrentCompositeConfiguration@6526e7cb
2022-08-02 19:09:28.248  INFO 13660 --- [restartedMain] o.s.cloud.commons.util.InetUtils         : Cannot determine local hostname
2022-08-02 19:09:28.822  WARN 13660 --- [restartedMain] c.n.c.sources.URLConfigurationSource     : No URLs will be polled as dynamic configuration sources.
2022-08-02 19:09:28.823  INFO 13660 --- [restartedMain] c.n.c.sources.URLConfigurationSource     : To enable URLs as dynamic configuration sources, define System property archaius.configurationSource.additionalUrls or make config.properties available on classpath.
2022-08-02 19:09:29.152  INFO 13660 --- [restartedMain] o.s.s.concurrent.ThreadPoolTaskExecutor  : Initializing ExecutorService 'applicationTaskExecutor'
2022-08-02 19:09:29.813  WARN 13660 --- [restartedMain] o.s.b.d.a.OptionalLiveReloadServer       : Unable to start LiveReload server
2022-08-02 19:09:31.209  INFO 13660 --- [restartedMain] o.s.cloud.commons.util.InetUtils         : Cannot determine local hostname
2022-08-02 19:09:31.273  INFO 13660 --- [restartedMain] o.s.b.a.e.web.EndpointLinksResolver      : Exposing 2 endpoint(s) beneath base path '/actuator'
2022-08-02 19:09:31.413  INFO 13660 --- [restartedMain] o.s.b.w.embedded.tomcat.TomcatWebServer  : Tomcat started on port(s): 58139 (http) with context path ''
2022-08-02 19:09:31.414  INFO 13660 --- [restartedMain] .s.c.n.e.s.EurekaAutoServiceRegistration : Updating port to 58139
2022-08-02 19:09:31.423  INFO 13660 --- [restartedMain] o.s.c.n.eureka.InstanceInfoFactory       : Setting initial instance status as: STARTING
2022-08-02 19:09:31.499  INFO 13660 --- [restartedMain] com.netflix.discovery.DiscoveryClient    : Initializing Eureka in region us-east-1
2022-08-02 19:09:31.703  INFO 13660 --- [restartedMain] c.n.d.provider.DiscoveryJerseyProvider   : Using JSON encoding codec LegacyJacksonJson
2022-08-02 19:09:31.703  INFO 13660 --- [restartedMain] c.n.d.provider.DiscoveryJerseyProvider   : Using JSON decoding codec LegacyJacksonJson
2022-08-02 19:09:31.830 ERROR 13660 --- [restartedMain] o.s.c.n.e.s.EurekaRegistration           : error getting CloudEurekaClient

org.springframework.beans.factory.BeanCreationException: Error creating bean with name 'scopedTarget.eurekaClient' defined in class path resource [org/springframework/cloud/netflix/eureka/EurekaClientAutoConfiguration$RefreshableEurekaClientConfiguration.class]: Bean instantiation via factory method failed; nested exception is org.springframework.beans.BeanInstantiationException: Failed to instantiate [com.netflix.discovery.EurekaClient]: Factory method 'eurekaClient' threw exception; nested exception is java.lang.RuntimeException: Failed to initialize DiscoveryClient!
	at org.springframework.beans.factory.support.ConstructorResolver.instantiate(ConstructorResolver.java:627) ~[spring-beans-5.1.4.RELEASE.jar:5.1.4.RELEASE]
	at org.springframework.beans.factory.support.ConstructorResolver.instantiateUsingFactoryMethod(ConstructorResolver.java:607) ~[spring-beans-5.1.4.RELEASE.jar:5.1.4.RELEASE]
	at org.springframework.beans.factory.support.AbstractAutowireCapableBeanFactory.instantiateUsingFactoryMethod(AbstractAutowireCapableBeanFactory.java:1288) ~[spring-beans-5.1.4.RELEASE.jar:5.1.4.RELEASE]
	at org.springframework.beans.factory.support.AbstractAutowireCapableBeanFactory.createBeanInstance(AbstractAutowireCapableBeanFactory.java:1127) ~[spring-beans-5.1.4.RELEASE.jar:5.1.4.RELEASE]
	at org.springframework.beans.factory.support.AbstractAutowireCapableBeanFactory.doCreateBean(AbstractAutowireCapableBeanFactory.java:538) ~[spring-beans-5.1.4.RELEASE.jar:5.1.4.RELEASE]
	at org.springframework.beans.factory.support.AbstractAutowireCapableBeanFactory.createBean(AbstractAutowireCapableBeanFactory.java:498) ~[spring-beans-5.1.4.RELEASE.jar:5.1.4.RELEASE]
	at org.springframework.beans.factory.support.AbstractBeanFactory.lambda$doGetBean$1(AbstractBeanFactory.java:356) ~[spring-beans-5.1.4.RELEASE.jar:5.1.4.RELEASE]
	at org.springframework.cloud.context.scope.GenericScope$BeanLifecycleWrapper.getBean(GenericScope.java:390) ~[spring-cloud-context-2.1.0.RELEASE.jar:2.1.0.RELEASE]
	at org.springframework.cloud.context.scope.GenericScope.get(GenericScope.java:184) ~[spring-cloud-context-2.1.0.RELEASE.jar:2.1.0.RELEASE]
	at org.springframework.beans.factory.support.AbstractBeanFactory.doGetBean(AbstractBeanFactory.java:353) ~[spring-beans-5.1.4.RELEASE.jar:5.1.4.RELEASE]
	at org.springframework.beans.factory.support.AbstractBeanFactory.getBean(AbstractBeanFactory.java:199) ~[spring-beans-5.1.4.RELEASE.jar:5.1.4.RELEASE]
	at org.springframework.aop.target.SimpleBeanTargetSource.getTarget(SimpleBeanTargetSource.java:35) ~[spring-aop-5.1.4.RELEASE.jar:5.1.4.RELEASE]
	at org.springframework.cloud.netflix.eureka.serviceregistry.EurekaRegistration.getTargetObject(EurekaRegistration.java:171) ~[spring-cloud-netflix-eureka-client-2.1.0.RELEASE.jar:2.1.0.RELEASE]
	at org.springframework.cloud.netflix.eureka.serviceregistry.EurekaRegistration.getEurekaClient(EurekaRegistration.java:160) ~[spring-cloud-netflix-eureka-client-2.1.0.RELEASE.jar:2.1.0.RELEASE]
	at java.base/jdk.internal.reflect.NativeMethodAccessorImpl.invoke0(Native Method) ~[na:na]
	at java.base/jdk.internal.reflect.NativeMethodAccessorImpl.invoke(NativeMethodAccessorImpl.java:77) ~[na:na]
	at java.base/jdk.internal.reflect.DelegatingMethodAccessorImpl.invoke(DelegatingMethodAccessorImpl.java:43) ~[na:na]
	at java.base/java.lang.reflect.Method.invoke(Method.java:568) ~[na:na]
	at org.springframework.util.ReflectionUtils.invokeMethod(ReflectionUtils.java:246) ~[spring-core-5.1.4.RELEASE.jar:5.1.4.RELEASE]
	at org.springframework.cloud.context.scope.GenericScope$LockedScopedProxyFactoryBean.invoke(GenericScope.java:494) ~[spring-cloud-context-2.1.0.RELEASE.jar:2.1.0.RELEASE]
	at org.springframework.aop.framework.ReflectiveMethodInvocation.proceed(ReflectiveMethodInvocation.java:186) ~[spring-aop-5.1.4.RELEASE.jar:5.1.4.RELEASE]
	at org.springframework.aop.framework.CglibAopProxy$DynamicAdvisedInterceptor.intercept(CglibAopProxy.java:688) ~[spring-aop-5.1.4.RELEASE.jar:5.1.4.RELEASE]
	at org.springframework.cloud.netflix.eureka.serviceregistry.EurekaRegistration$$EnhancerBySpringCGLIB$$d7739355.getEurekaClient(<generated>) ~[spring-cloud-netflix-eureka-client-2.1.0.RELEASE.jar:2.1.0.RELEASE]
	at org.springframework.cloud.netflix.eureka.serviceregistry.EurekaServiceRegistry.maybeInitializeClient(EurekaServiceRegistry.java:57) ~[spring-cloud-netflix-eureka-client-2.1.0.RELEASE.jar:2.1.0.RELEASE]
	at org.springframework.cloud.netflix.eureka.serviceregistry.EurekaServiceRegistry.register(EurekaServiceRegistry.java:39) ~[spring-cloud-netflix-eureka-client-2.1.0.RELEASE.jar:2.1.0.RELEASE]
	at org.springframework.cloud.netflix.eureka.serviceregistry.EurekaAutoServiceRegistration.start(EurekaAutoServiceRegistration.java:82) ~[spring-cloud-netflix-eureka-client-2.1.0.RELEASE.jar:2.1.0.RELEASE]
	at org.springframework.cloud.netflix.eureka.serviceregistry.EurekaAutoServiceRegistration.onApplicationEvent(EurekaAutoServiceRegistration.java:143) ~[spring-cloud-netflix-eureka-client-2.1.0.RELEASE.jar:2.1.0.RELEASE]
	at org.springframework.cloud.netflix.eureka.serviceregistry.EurekaAutoServiceRegistration.onApplicationEvent(EurekaAutoServiceRegistration.java:131) ~[spring-cloud-netflix-eureka-client-2.1.0.RELEASE.jar:2.1.0.RELEASE]
	at org.springframework.context.event.SimpleApplicationEventMulticaster.doInvokeListener(SimpleApplicationEventMulticaster.java:172) ~[spring-context-5.1.4.RELEASE.jar:5.1.4.RELEASE]
	at org.springframework.context.event.SimpleApplicationEventMulticaster.invokeListener(SimpleApplicationEventMulticaster.java:165) ~[spring-context-5.1.4.RELEASE.jar:5.1.4.RELEASE]
	at org.springframework.context.event.SimpleApplicationEventMulticaster.multicastEvent(SimpleApplicationEventMulticaster.java:139) ~[spring-context-5.1.4.RELEASE.jar:5.1.4.RELEASE]
	at org.springframework.context.support.AbstractApplicationContext.publishEvent(AbstractApplicationContext.java:398) ~[spring-context-5.1.4.RELEASE.jar:5.1.4.RELEASE]
	at org.springframework.context.support.AbstractApplicationContext.publishEvent(AbstractApplicationContext.java:355) ~[spring-context-5.1.4.RELEASE.jar:5.1.4.RELEASE]
	at org.springframework.boot.web.servlet.context.ServletWebServerApplicationContext.finishRefresh(ServletWebServerApplicationContext.java:166) ~[spring-boot-2.1.2.RELEASE.jar:2.1.2.RELEASE]
	at org.springframework.context.support.AbstractApplicationContext.refresh(AbstractApplicationContext.java:549) ~[spring-context-5.1.4.RELEASE.jar:5.1.4.RELEASE]
	at org.springframework.boot.web.servlet.context.ServletWebServerApplicationContext.refresh(ServletWebServerApplicationContext.java:142) ~[spring-boot-2.1.2.RELEASE.jar:2.1.2.RELEASE]
	at org.springframework.boot.SpringApplication.refresh(SpringApplication.java:775) ~[spring-boot-2.1.2.RELEASE.jar:2.1.2.RELEASE]
	at org.springframework.boot.SpringApplication.refreshContext(SpringApplication.java:397) ~[spring-boot-2.1.2.RELEASE.jar:2.1.2.RELEASE]
	at org.springframework.boot.SpringApplication.run(SpringApplication.java:316) ~[spring-boot-2.1.2.RELEASE.jar:2.1.2.RELEASE]
	at org.springframework.boot.SpringApplication.run(SpringApplication.java:1260) ~[spring-boot-2.1.2.RELEASE.jar:2.1.2.RELEASE]
	at org.springframework.boot.SpringApplication.run(SpringApplication.java:1248) ~[spring-boot-2.1.2.RELEASE.jar:2.1.2.RELEASE]
	at com.appsdeveloperblog.photoapp.api.albums.PhotoAppApiAlbumsApplication.main(PhotoAppApiAlbumsApplication.java:12) ~[classes/:na]
	at java.base/jdk.internal.reflect.NativeMethodAccessorImpl.invoke0(Native Method) ~[na:na]
	at java.base/jdk.internal.reflect.NativeMethodAccessorImpl.invoke(NativeMethodAccessorImpl.java:77) ~[na:na]
	at java.base/jdk.internal.reflect.DelegatingMethodAccessorImpl.invoke(DelegatingMethodAccessorImpl.java:43) ~[na:na]
	at java.base/java.lang.reflect.Method.invoke(Method.java:568) ~[na:na]
	at org.springframework.boot.devtools.restart.RestartLauncher.run(RestartLauncher.java:49) ~[spring-boot-devtools-2.1.2.RELEASE.jar:2.1.2.RELEASE]
Caused by: org.springframework.beans.BeanInstantiationException: Failed to instantiate [com.netflix.discovery.EurekaClient]: Factory method 'eurekaClient' threw exception; nested exception is java.lang.RuntimeException: Failed to initialize DiscoveryClient!
	at org.springframework.beans.factory.support.SimpleInstantiationStrategy.instantiate(SimpleInstantiationStrategy.java:185) ~[spring-beans-5.1.4.RELEASE.jar:5.1.4.RELEASE]
	at org.springframework.beans.factory.support.ConstructorResolver.instantiate(ConstructorResolver.java:622) ~[spring-beans-5.1.4.RELEASE.jar:5.1.4.RELEASE]
	... 46 common frames omitted
Caused by: java.lang.RuntimeException: Failed to initialize DiscoveryClient!
	at com.netflix.discovery.DiscoveryClient.<init>(DiscoveryClient.java:411) ~[eureka-client-1.9.8.jar:1.9.8]
	at com.netflix.discovery.DiscoveryClient.<init>(DiscoveryClient.java:269) ~[eureka-client-1.9.8.jar:1.9.8]
	at org.springframework.cloud.netflix.eureka.CloudEurekaClient.<init>(CloudEurekaClient.java:63) ~[spring-cloud-netflix-eureka-client-2.1.0.RELEASE.jar:2.1.0.RELEASE]
	at org.springframework.cloud.netflix.eureka.EurekaClientAutoConfiguration$RefreshableEurekaClientConfiguration.eurekaClient(EurekaClientAutoConfiguration.java:302) ~[spring-cloud-netflix-eureka-client-2.1.0.RELEASE.jar:2.1.0.RELEASE]
	at org.springframework.cloud.netflix.eureka.EurekaClientAutoConfiguration$RefreshableEurekaClientConfiguration$$EnhancerBySpringCGLIB$$b9ed1541.CGLIB$eurekaClient$0(<generated>) ~[spring-cloud-netflix-eureka-client-2.1.0.RELEASE.jar:2.1.0.RELEASE]
	at org.springframework.cloud.netflix.eureka.EurekaClientAutoConfiguration$RefreshableEurekaClientConfiguration$$EnhancerBySpringCGLIB$$b9ed1541$$FastClassBySpringCGLIB$$c80571d9.invoke(<generated>) ~[spring-cloud-netflix-eureka-client-2.1.0.RELEASE.jar:2.1.0.RELEASE]
	at org.springframework.cglib.proxy.MethodProxy.invokeSuper(MethodProxy.java:244) ~[spring-core-5.1.4.RELEASE.jar:5.1.4.RELEASE]
	at org.springframework.context.annotation.ConfigurationClassEnhancer$BeanMethodInterceptor.intercept(ConfigurationClassEnhancer.java:363) ~[spring-context-5.1.4.RELEASE.jar:5.1.4.RELEASE]
	at org.springframework.cloud.netflix.eureka.EurekaClientAutoConfiguration$RefreshableEurekaClientConfiguration$$EnhancerBySpringCGLIB$$b9ed1541.eurekaClient(<generated>) ~[spring-cloud-netflix-eureka-client-2.1.0.RELEASE.jar:2.1.0.RELEASE]
	at java.base/jdk.internal.reflect.NativeMethodAccessorImpl.invoke0(Native Method) ~[na:na]
	at java.base/jdk.internal.reflect.NativeMethodAccessorImpl.invoke(NativeMethodAccessorImpl.java:77) ~[na:na]
	at java.base/jdk.internal.reflect.DelegatingMethodAccessorImpl.invoke(DelegatingMethodAccessorImpl.java:43) ~[na:na]
	at java.base/java.lang.reflect.Method.invoke(Method.java:568) ~[na:na]
	at org.springframework.beans.factory.support.SimpleInstantiationStrategy.instantiate(SimpleInstantiationStrategy.java:154) ~[spring-beans-5.1.4.RELEASE.jar:5.1.4.RELEASE]
	... 47 common frames omitted
Caused by: java.lang.ExceptionInInitializerError: null
	at com.thoughtworks.xstream.XStream.setupConverters(XStream.java:989) ~[xstream-1.4.10.jar:1.4.10]
	at com.thoughtworks.xstream.XStream.<init>(XStream.java:592) ~[xstream-1.4.10.jar:1.4.10]
	at com.thoughtworks.xstream.XStream.<init>(XStream.java:514) ~[xstream-1.4.10.jar:1.4.10]
	at com.thoughtworks.xstream.XStream.<init>(XStream.java:483) ~[xstream-1.4.10.jar:1.4.10]
	at com.thoughtworks.xstream.XStream.<init>(XStream.java:429) ~[xstream-1.4.10.jar:1.4.10]
	at com.thoughtworks.xstream.XStream.<init>(XStream.java:396) ~[xstream-1.4.10.jar:1.4.10]
	at com.netflix.discovery.converters.XmlXStream.<init>(XmlXStream.java:51) ~[eureka-client-1.9.8.jar:1.9.8]
	at com.netflix.discovery.converters.XmlXStream.<clinit>(XmlXStream.java:42) ~[eureka-client-1.9.8.jar:1.9.8]
	at com.netflix.discovery.converters.wrappers.CodecWrappers$XStreamXml.<init>(CodecWrappers.java:358) ~[eureka-client-1.9.8.jar:1.9.8]
	at com.netflix.discovery.converters.wrappers.CodecWrappers.create(CodecWrappers.java:133) ~[eureka-client-1.9.8.jar:1.9.8]
	at com.netflix.discovery.converters.wrappers.CodecWrappers.getEncoder(CodecWrappers.java:75) ~[eureka-client-1.9.8.jar:1.9.8]
	at com.netflix.discovery.converters.wrappers.CodecWrappers.getEncoder(CodecWrappers.java:66) ~[eureka-client-1.9.8.jar:1.9.8]
	at com.netflix.discovery.provider.DiscoveryJerseyProvider.<init>(DiscoveryJerseyProvider.java:77) ~[eureka-client-1.9.8.jar:1.9.8]
	at com.netflix.discovery.shared.transport.jersey.EurekaJerseyClientImpl$EurekaJerseyClientBuilder$MyDefaultApacheHttpClient4Config.<init>(EurekaJerseyClientImpl.java:202) ~[eureka-client-1.9.8.jar:1.9.8]
	at com.netflix.discovery.shared.transport.jersey.EurekaJerseyClientImpl$EurekaJerseyClientBuilder.build(EurekaJerseyClientImpl.java:178) ~[eureka-client-1.9.8.jar:1.9.8]
	at com.netflix.discovery.shared.transport.jersey.JerseyEurekaHttpClientFactory$JerseyEurekaHttpClientFactoryBuilder.buildLegacy(JerseyEurekaHttpClientFactory.java:230) ~[eureka-client-1.9.8.jar:1.9.8]
	at com.netflix.discovery.shared.transport.jersey.JerseyEurekaHttpClientFactory$JerseyEurekaHttpClientFactoryBuilder.build(JerseyEurekaHttpClientFactory.java:204) ~[eureka-client-1.9.8.jar:1.9.8]
	at com.netflix.discovery.shared.transport.jersey.JerseyEurekaHttpClientFactory.create(JerseyEurekaHttpClientFactory.java:161) ~[eureka-client-1.9.8.jar:1.9.8]
	at com.netflix.discovery.shared.transport.jersey.Jersey1TransportClientFactories.newTransportClientFactory(Jersey1TransportClientFactories.java:59) ~[eureka-client-1.9.8.jar:1.9.8]
	at com.netflix.discovery.DiscoveryClient.scheduleServerEndpointTask(DiscoveryClient.java:485) ~[eureka-client-1.9.8.jar:1.9.8]
	at com.netflix.discovery.DiscoveryClient.<init>(DiscoveryClient.java:398) ~[eureka-client-1.9.8.jar:1.9.8]
	... 60 common frames omitted
Caused by: java.lang.reflect.InaccessibleObjectException: Unable to make field private final java.util.Comparator java.util.TreeMap.comparator accessible: module java.base does not "opens java.util" to unnamed module @6eda5c9
	at java.base/java.lang.reflect.AccessibleObject.checkCanSetAccessible(AccessibleObject.java:354) ~[na:na]
	at java.base/java.lang.reflect.AccessibleObject.checkCanSetAccessible(AccessibleObject.java:297) ~[na:na]
	at java.base/java.lang.reflect.Field.checkCanSetAccessible(Field.java:178) ~[na:na]
	at java.base/java.lang.reflect.Field.setAccessible(Field.java:172) ~[na:na]
	at com.thoughtworks.xstream.core.util.Fields.locate(Fields.java:40) ~[xstream-1.4.10.jar:1.4.10]
	at com.thoughtworks.xstream.converters.collections.TreeMapConverter.<clinit>(TreeMapConverter.java:50) ~[xstream-1.4.10.jar:1.4.10]
	... 81 common frames omitted

2022-08-02 19:09:31.852  INFO 13660 --- [restartedMain] o.apache.catalina.core.StandardService   : Stopping service [Tomcat]
2022-08-02 19:09:31.859  WARN 13660 --- [restartedMain] o.a.c.loader.WebappClassLoaderBase       : The web application [ROOT] appears to have started a thread named [spring.cloud.inetutils] but has failed to stop it. This is very likely to create a memory leak. Stack trace of thread:
 java.base@17.0.2/java.net.Inet6AddressImpl.getHostByAddr(Native Method)
 java.base@17.0.2/java.net.InetAddress$PlatformNameService.getHostByAddr(InetAddress.java:939)
 java.base@17.0.2/java.net.InetAddress.getHostFromNameService(InetAddress.java:662)
 java.base@17.0.2/java.net.InetAddress.getHostName(InetAddress.java:605)
 java.base@17.0.2/java.net.InetAddress.getHostName(InetAddress.java:577)
 app//org.springframework.cloud.commons.util.InetUtils$$Lambda$183/0x0000000800dbbbb0.call(Unknown Source)
 java.base@17.0.2/java.util.concurrent.FutureTask.run(FutureTask.java:264)
 java.base@17.0.2/java.util.concurrent.ThreadPoolExecutor.runWorker(ThreadPoolExecutor.java:1136)
 java.base@17.0.2/java.util.concurrent.ThreadPoolExecutor$Worker.run(ThreadPoolExecutor.java:635)
 java.base@17.0.2/java.lang.Thread.run(Thread.java:833)
2022-08-02 19:09:31.865  INFO 13660 --- [restartedMain] ConditionEvaluationReportLoggingListener : 

Error starting ApplicationContext. To display the conditions report re-run your application with 'debug' enabled.
2022-08-02 19:09:31.866  INFO 13660 --- [restartedMain] o.s.c.n.e.s.EurekaServiceRegistry        : Unregistering application ALBUMS-WS with eureka with status DOWN
2022-08-02 19:09:31.870  INFO 13660 --- [restartedMain] o.s.s.concurrent.ThreadPoolTaskExecutor  : Shutting down ExecutorService 'applicationTaskExecutor'
2022-08-02 19:09:31.878 ERROR 13660 --- [restartedMain] o.s.boot.SpringApplication               : Application run failed

java.lang.NullPointerException: Cannot invoke "org.springframework.cloud.netflix.eureka.CloudEurekaClient.getApplications()" because the return value of "org.springframework.cloud.netflix.eureka.serviceregistry.EurekaRegistration.getEurekaClient()" is null
	at org.springframework.cloud.netflix.eureka.serviceregistry.EurekaServiceRegistry.maybeInitializeClient(EurekaServiceRegistry.java:57) ~[spring-cloud-netflix-eureka-client-2.1.0.RELEASE.jar:2.1.0.RELEASE]
	at org.springframework.cloud.netflix.eureka.serviceregistry.EurekaServiceRegistry.register(EurekaServiceRegistry.java:39) ~[spring-cloud-netflix-eureka-client-2.1.0.RELEASE.jar:2.1.0.RELEASE]
	at org.springframework.cloud.netflix.eureka.serviceregistry.EurekaAutoServiceRegistration.start(EurekaAutoServiceRegistration.java:82) ~[spring-cloud-netflix-eureka-client-2.1.0.RELEASE.jar:2.1.0.RELEASE]
	at org.springframework.cloud.netflix.eureka.serviceregistry.EurekaAutoServiceRegistration.onApplicationEvent(EurekaAutoServiceRegistration.java:143) ~[spring-cloud-netflix-eureka-client-2.1.0.RELEASE.jar:2.1.0.RELEASE]
	at org.springframework.cloud.netflix.eureka.serviceregistry.EurekaAutoServiceRegistration.onApplicationEvent(EurekaAutoServiceRegistration.java:131) ~[spring-cloud-netflix-eureka-client-2.1.0.RELEASE.jar:2.1.0.RELEASE]
	at org.springframework.context.event.SimpleApplicationEventMulticaster.doInvokeListener(SimpleApplicationEventMulticaster.java:172) ~[spring-context-5.1.4.RELEASE.jar:5.1.4.RELEASE]
	at org.springframework.context.event.SimpleApplicationEventMulticaster.invokeListener(SimpleApplicationEventMulticaster.java:165) ~[spring-context-5.1.4.RELEASE.jar:5.1.4.RELEASE]
	at org.springframework.context.event.SimpleApplicationEventMulticaster.multicastEvent(SimpleApplicationEventMulticaster.java:139) ~[spring-context-5.1.4.RELEASE.jar:5.1.4.RELEASE]
	at org.springframework.context.support.AbstractApplicationContext.publishEvent(AbstractApplicationContext.java:398) ~[spring-context-5.1.4.RELEASE.jar:5.1.4.RELEASE]
	at org.springframework.context.support.AbstractApplicationContext.publishEvent(AbstractApplicationContext.java:355) ~[spring-context-5.1.4.RELEASE.jar:5.1.4.RELEASE]
	at org.springframework.boot.web.servlet.context.ServletWebServerApplicationContext.finishRefresh(ServletWebServerApplicationContext.java:166) ~[spring-boot-2.1.2.RELEASE.jar:2.1.2.RELEASE]
	at org.springframework.context.support.AbstractApplicationContext.refresh(AbstractApplicationContext.java:549) ~[spring-context-5.1.4.RELEASE.jar:5.1.4.RELEASE]
	at org.springframework.boot.web.servlet.context.ServletWebServerApplicationContext.refresh(ServletWebServerApplicationContext.java:142) ~[spring-boot-2.1.2.RELEASE.jar:2.1.2.RELEASE]
	at org.springframework.boot.SpringApplication.refresh(SpringApplication.java:775) ~[spring-boot-2.1.2.RELEASE.jar:2.1.2.RELEASE]
	at org.springframework.boot.SpringApplication.refreshContext(SpringApplication.java:397) ~[spring-boot-2.1.2.RELEASE.jar:2.1.2.RELEASE]
	at org.springframework.boot.SpringApplication.run(SpringApplication.java:316) ~[spring-boot-2.1.2.RELEASE.jar:2.1.2.RELEASE]
	at org.springframework.boot.SpringApplication.run(SpringApplication.java:1260) ~[spring-boot-2.1.2.RELEASE.jar:2.1.2.RELEASE]
	at org.springframework.boot.SpringApplication.run(SpringApplication.java:1248) ~[spring-boot-2.1.2.RELEASE.jar:2.1.2.RELEASE]
	at com.appsdeveloperblog.photoapp.api.albums.PhotoAppApiAlbumsApplication.main(PhotoAppApiAlbumsApplication.java:12) ~[classes/:na]
	at java.base/jdk.internal.reflect.NativeMethodAccessorImpl.invoke0(Native Method) ~[na:na]
	at java.base/jdk.internal.reflect.NativeMethodAccessorImpl.invoke(NativeMethodAccessorImpl.java:77) ~[na:na]
	at java.base/jdk.internal.reflect.DelegatingMethodAccessorImpl.invoke(DelegatingMethodAccessorImpl.java:43) ~[na:na]
	at java.base/java.lang.reflect.Method.invoke(Method.java:568) ~[na:na]
	at org.springframework.boot.devtools.restart.RestartLauncher.run(RestartLauncher.java:49) ~[spring-boot-devtools-2.1.2.RELEASE.jar:2.1.2.RELEASE]

